  [1m[35m (36.2ms)[0m  [1m[35mCREATE TABLE "schema_migrations" ("version" character varying NOT NULL PRIMARY KEY)[0m
  [1m[35m (8.9ms)[0m  [1m[35mCREATE TABLE "ar_internal_metadata" ("key" character varying NOT NULL PRIMARY KEY, "value" character varying, "created_at" timestamp NOT NULL, "updated_at" timestamp NOT NULL)[0m
  [1m[35m (1.1ms)[0m  [1m[34mSELECT pg_try_advisory_lock(2600513041233280215)[0m
  [1m[35m (0.5ms)[0m  [1m[34mSELECT "schema_migrations"."version" FROM "schema_migrations" ORDER BY "schema_migrations"."version" ASC[0m
Migrating to CreateUsers (20180605065536)
  [1m[35m (0.1ms)[0m  [1m[35mBEGIN[0m
  [1m[35m (9.3ms)[0m  [1m[35mCREATE TABLE "users" ("id" bigserial primary key, "username" character varying, "password_digest" character varying, "role" character varying, "created_at" timestamp NOT NULL, "updated_at" timestamp NOT NULL)[0m
  [1m[35mSQL (0.7ms)[0m  [1m[32mINSERT INTO "schema_migrations" ("version") VALUES ($1) RETURNING "version"[0m  [["version", "20180605065536"]]
  [1m[35m (1.1ms)[0m  [1m[35mCOMMIT[0m
Migrating to CreateProjects (20180605070310)
  [1m[35m (0.1ms)[0m  [1m[35mBEGIN[0m
  [1m[35m (8.7ms)[0m  [1m[35mCREATE TABLE "projects" ("id" bigserial primary key, "name" character varying, "description" character varying, "member_count" integer, "created_at" timestamp NOT NULL, "updated_at" timestamp NOT NULL)[0m
  [1m[35mSQL (0.2ms)[0m  [1m[32mINSERT INTO "schema_migrations" ("version") VALUES ($1) RETURNING "version"[0m  [["version", "20180605070310"]]
  [1m[35m (1.1ms)[0m  [1m[35mCOMMIT[0m
Migrating to CreateProjectMembers (20180605070349)
  [1m[35m (0.1ms)[0m  [1m[35mBEGIN[0m
  [1m[35m (5.6ms)[0m  [1m[35mCREATE TABLE "project_members" ("id" bigserial primary key, "created_at" timestamp NOT NULL, "updated_at" timestamp NOT NULL, "user_id" bigint, "project_id" bigint, CONSTRAINT "fk_rails_49ebe01c9d"
FOREIGN KEY ("user_id")
  REFERENCES "users" ("id")
, CONSTRAINT "fk_rails_f3b43b5269"
FOREIGN KEY ("project_id")
  REFERENCES "projects" ("id")
)[0m
  [1m[35m (2.1ms)[0m  [1m[35mCREATE  INDEX  "index_project_members_on_user_id" ON "project_members"  ("user_id")[0m
  [1m[35m (2.2ms)[0m  [1m[35mCREATE  INDEX  "index_project_members_on_project_id" ON "project_members"  ("project_id")[0m
  [1m[35m (2.9ms)[0m  [1m[35mCREATE UNIQUE INDEX  "project member index" ON "project_members"  ("user_id", "project_id")[0m
  [1m[35mSQL (0.7ms)[0m  [1m[32mINSERT INTO "schema_migrations" ("version") VALUES ($1) RETURNING "version"[0m  [["version", "20180605070349"]]
  [1m[35m (1.8ms)[0m  [1m[35mCOMMIT[0m
  [1m[36mActiveRecord::InternalMetadata Load (1.0ms)[0m  [1m[34mSELECT  "ar_internal_metadata".* FROM "ar_internal_metadata" WHERE "ar_internal_metadata"."key" = $1 LIMIT $2[0m  [["key", "environment"], ["LIMIT", 1]]
  [1m[35m (0.5ms)[0m  [1m[35mBEGIN[0m
  [1m[35mSQL (1.2ms)[0m  [1m[32mINSERT INTO "ar_internal_metadata" ("key", "value", "created_at", "updated_at") VALUES ($1, $2, $3, $4) RETURNING "key"[0m  [["key", "environment"], ["value", "development"], ["created_at", "2018-06-05 07:11:10.253069"], ["updated_at", "2018-06-05 07:11:10.253069"]]
  [1m[35m (1.2ms)[0m  [1m[35mCOMMIT[0m
  [1m[35m (0.5ms)[0m  [1m[34mSELECT pg_advisory_unlock(2600513041233280215)[0m
  [1m[35m (0.4ms)[0m  [1m[34mSELECT "schema_migrations"."version" FROM "schema_migrations" ORDER BY "schema_migrations"."version" ASC[0m
  [1m[35m (0.2ms)[0m  [1m[35mBEGIN[0m
  [1m[35mSQL (1.6ms)[0m  [1m[32mINSERT INTO "users" ("username", "password_digest", "role", "created_at", "updated_at") VALUES ($1, $2, $3, $4, $5) RETURNING "id"[0m  [["username", "Loc"], ["password_digest", "$2a$10$0.yvUT82Lkwnv/.tjyI4ZuKLcNgnKh6W1yp8J7NGrsBEYpnmrIukW"], ["role", "admin"], ["created_at", "2018-06-05 07:30:41.084111"], ["updated_at", "2018-06-05 07:30:41.084111"]]
  [1m[35m (2.1ms)[0m  [1m[35mCOMMIT[0m
  [1m[35m (0.2ms)[0m  [1m[35mBEGIN[0m
  [1m[35mSQL (0.3ms)[0m  [1m[32mINSERT INTO "users" ("username", "password_digest", "role", "created_at", "updated_at") VALUES ($1, $2, $3, $4, $5) RETURNING "id"[0m  [["username", "Loc"], ["password_digest", "$2a$10$U1aqsLSLYF8qMibN0h3/tOoo5qvcOhJoddOm/SkUbjwwT7dsT22Ye"], ["role", "admin"], ["created_at", "2018-06-05 07:31:06.896898"], ["updated_at", "2018-06-05 07:31:06.896898"]]
  [1m[35m (2.6ms)[0m  [1m[35mCOMMIT[0m
  [1m[35m (0.5ms)[0m  [1m[35mBEGIN[0m
  [1m[35mSQL (4.8ms)[0m  [1m[31mDELETE FROM "users" WHERE "users"."id" = $1[0m  [["id", 2]]
  [1m[35m (1.5ms)[0m  [1m[35mCOMMIT[0m
  [1m[35m (0.2ms)[0m  [1m[34mSELECT pg_try_advisory_lock(2600513041233280215)[0m
  [1m[35m (0.4ms)[0m  [1m[34mSELECT "schema_migrations"."version" FROM "schema_migrations" ORDER BY "schema_migrations"."version" ASC[0m
Migrating to AddIndexToUserAndProject (20180605073304)
  [1m[35m (0.2ms)[0m  [1m[35mBEGIN[0m
  [1m[35m (3.1ms)[0m  [1m[35mCREATE UNIQUE INDEX  "index_users_on_username" ON "users"  ("username")[0m
  [1m[35m (1.0ms)[0m  [1m[35mCREATE UNIQUE INDEX  "index_project_on_name" ON "project"  ("name")[0m
  [1m[35m (0.1ms)[0m  [1m[31mROLLBACK[0m
  [1m[35m (0.4ms)[0m  [1m[34mSELECT pg_advisory_unlock(2600513041233280215)[0m
  [1m[35m (0.2ms)[0m  [1m[34mSELECT pg_try_advisory_lock(2600513041233280215)[0m
  [1m[35m (0.4ms)[0m  [1m[34mSELECT "schema_migrations"."version" FROM "schema_migrations" ORDER BY "schema_migrations"."version" ASC[0m
Migrating to AddIndexToUserAndProject (20180605073304)
  [1m[35m (0.1ms)[0m  [1m[35mBEGIN[0m
  [1m[35m (4.3ms)[0m  [1m[35mCREATE UNIQUE INDEX  "index_users_on_username" ON "users"  ("username")[0m
  [1m[35m (3.4ms)[0m  [1m[35mCREATE UNIQUE INDEX  "index_projects_on_name" ON "projects"  ("name")[0m
  [1m[35mSQL (0.7ms)[0m  [1m[32mINSERT INTO "schema_migrations" ("version") VALUES ($1) RETURNING "version"[0m  [["version", "20180605073304"]]
  [1m[35m (1.4ms)[0m  [1m[35mCOMMIT[0m
  [1m[36mActiveRecord::InternalMetadata Load (0.4ms)[0m  [1m[34mSELECT  "ar_internal_metadata".* FROM "ar_internal_metadata" WHERE "ar_internal_metadata"."key" = $1 LIMIT $2[0m  [["key", "environment"], ["LIMIT", 1]]
  [1m[35m (0.2ms)[0m  [1m[35mBEGIN[0m
  [1m[35m (0.2ms)[0m  [1m[35mCOMMIT[0m
  [1m[35m (0.2ms)[0m  [1m[34mSELECT pg_advisory_unlock(2600513041233280215)[0m
  [1m[35m (0.2ms)[0m  [1m[34mSELECT "schema_migrations"."version" FROM "schema_migrations" ORDER BY "schema_migrations"."version" ASC[0m
  [1m[35m (0.2ms)[0m  [1m[35mBEGIN[0m
  [1m[35mSQL (0.8ms)[0m  [1m[32mINSERT INTO "users" ("username", "password_digest", "role", "created_at", "updated_at") VALUES ($1, $2, $3, $4, $5) RETURNING "id"[0m  [["username", "Loc"], ["password_digest", "$2a$10$lblCQP.8ij.33WQ2JaVhXOhETfJVapx.ImU7sI7RC1qGLrUKg3Jz6"], ["role", "admin"], ["created_at", "2018-06-05 07:34:24.665448"], ["updated_at", "2018-06-05 07:34:24.665448"]]
  [1m[35m (0.2ms)[0m  [1m[31mROLLBACK[0m
  [1m[35m (0.2ms)[0m  [1m[35mBEGIN[0m
  [1m[35mSQL (0.3ms)[0m  [1m[32mINSERT INTO "users" ("username", "password_digest", "role", "created_at", "updated_at") VALUES ($1, $2, $3, $4, $5) RETURNING "id"[0m  [["username", "Nhat"], ["password_digest", "$2a$10$paeQ5hzwB03g2Fp4Oa9v/On6OmvNpjH30WymElxtZf3OuQiSxlSEO"], ["role", "admin"], ["created_at", "2018-06-05 07:34:30.671163"], ["updated_at", "2018-06-05 07:34:30.671163"]]
  [1m[35m (2.7ms)[0m  [1m[35mCOMMIT[0m
  [1m[35m (0.1ms)[0m  [1m[35mBEGIN[0m
  [1m[35mSQL (1.2ms)[0m  [1m[32mINSERT INTO "projects" ("name", "created_at", "updated_at") VALUES ($1, $2, $3) RETURNING "id"[0m  [["name", "project 1"], ["created_at", "2018-06-05 07:38:48.148140"], ["updated_at", "2018-06-05 07:38:48.148140"]]
  [1m[35m (1.0ms)[0m  [1m[35mCOMMIT[0m
  [1m[36mUser Load (0.5ms)[0m  [1m[34mSELECT  "users".* FROM "users" ORDER BY "users"."id" ASC LIMIT $1[0m  [["LIMIT", 1]]
  [1m[36mProject Load (0.7ms)[0m  [1m[34mSELECT  "projects".* FROM "projects" ORDER BY "projects"."id" ASC LIMIT $1[0m  [["LIMIT", 1]]
  [1m[35m (0.2ms)[0m  [1m[35mBEGIN[0m
  [1m[35mSQL (1.7ms)[0m  [1m[32mINSERT INTO "project_members" ("created_at", "updated_at", "user_id", "project_id") VALUES ($1, $2, $3, $4) RETURNING "id"[0m  [["created_at", "2018-06-05 07:39:52.598297"], ["updated_at", "2018-06-05 07:39:52.598297"], ["user_id", 1], ["project_id", 1]]
  [1m[35mSQL (0.6ms)[0m  [1m[33mUPDATE "projects" SET "member_count" = COALESCE("member_count", 0) + 1 WHERE "projects"."id" = $1[0m  [["id", 1]]
  [1m[35m (0.9ms)[0m  [1m[35mCOMMIT[0m
  [1m[35m (0.4ms)[0m  [1m[35mBEGIN[0m
  [1m[35mSQL (2.5ms)[0m  [1m[32mINSERT INTO "project_members" ("created_at", "updated_at", "user_id", "project_id") VALUES ($1, $2, $3, $4) RETURNING "id"[0m  [["created_at", "2018-06-05 07:40:04.434121"], ["updated_at", "2018-06-05 07:40:04.434121"], ["user_id", 1], ["project_id", 1]]
  [1m[35m (0.3ms)[0m  [1m[31mROLLBACK[0m
  [1m[36mUser Load (0.9ms)[0m  [1m[34mSELECT  "users".* FROM "users" ORDER BY "users"."id" DESC LIMIT $1[0m  [["LIMIT", 1]]
  [1m[35m (0.5ms)[0m  [1m[35mBEGIN[0m
  [1m[35mSQL (1.7ms)[0m  [1m[32mINSERT INTO "project_members" ("created_at", "updated_at", "user_id", "project_id") VALUES ($1, $2, $3, $4) RETURNING "id"[0m  [["created_at", "2018-06-05 07:40:21.623980"], ["updated_at", "2018-06-05 07:40:21.623980"], ["user_id", 4], ["project_id", 1]]
  [1m[35mSQL (1.0ms)[0m  [1m[33mUPDATE "projects" SET "member_count" = COALESCE("member_count", 0) + 1 WHERE "projects"."id" = $1[0m  [["id", 1]]
  [1m[35m (1.9ms)[0m  [1m[35mCOMMIT[0m
  [1m[36mProject Load (1.0ms)[0m  [1m[34mSELECT  "projects".* FROM "projects" WHERE "projects"."id" = $1 LIMIT $2[0m  [["id", 1], ["LIMIT", 1]]
  [1m[36mProjectMember Load (0.5ms)[0m  [1m[34mSELECT  "project_members".* FROM "project_members" WHERE "project_members"."user_id" = $1 LIMIT $2[0m  [["user_id", 1], ["LIMIT", 11]]
  [1m[36mProject Load (0.4ms)[0m  [1m[34mSELECT  "projects".* FROM "projects" INNER JOIN "project_members" ON "projects"."id" = "project_members"."project_id" WHERE "project_members"."user_id" = $1 LIMIT $2[0m  [["user_id", 1], ["LIMIT", 11]]
  [1m[36mProject Load (0.4ms)[0m  [1m[34mSELECT  "projects".* FROM "projects" ORDER BY "projects"."id" ASC LIMIT $1[0m  [["LIMIT", 1]]
  [1m[36mUser Load (0.6ms)[0m  [1m[34mSELECT  "users".* FROM "users" INNER JOIN "project_members" ON "users"."id" = "project_members"."user_id" WHERE "project_members"."project_id" = $1 LIMIT $2[0m  [["project_id", 1], ["LIMIT", 11]]
  [1m[35m (0.2ms)[0m  [1m[34mSELECT pg_try_advisory_lock(2600513041233280215)[0m
  [1m[35m (0.4ms)[0m  [1m[34mSELECT "schema_migrations"."version" FROM "schema_migrations" ORDER BY "schema_migrations"."version" ASC[0m
Migrating to CreateDimensions (20180605074548)
  [1m[35m (0.1ms)[0m  [1m[35mBEGIN[0m
  [1m[35m (6.4ms)[0m  [1m[35mCREATE TABLE "dimensions" ("id" bigserial primary key, "name" character varying, "type" character varying, "project_id" bigint, "created_at" timestamp NOT NULL, "updated_at" timestamp NOT NULL, CONSTRAINT "fk_rails_6837067d06"
FOREIGN KEY ("project_id")
  REFERENCES "projects" ("id")
)[0m
  [1m[35m (2.0ms)[0m  [1m[35mCREATE  INDEX  "index_dimensions_on_project_id" ON "dimensions"  ("project_id")[0m
  [1m[35m (2.1ms)[0m  [1m[35mCREATE UNIQUE INDEX  "dimention_name" ON "dimensions"  ("name", "project_id")[0m
  [1m[35mSQL (0.3ms)[0m  [1m[32mINSERT INTO "schema_migrations" ("version") VALUES ($1) RETURNING "version"[0m  [["version", "20180605074548"]]
  [1m[35m (2.8ms)[0m  [1m[35mCOMMIT[0m
Migrating to CreateMultipleChoiceValues (20180605074719)
  [1m[35m (0.2ms)[0m  [1m[35mBEGIN[0m
  [1m[35m (5.9ms)[0m  [1m[35mCREATE TABLE "multiple_choice_values" ("id" bigserial primary key, "name" character varying, "dimension_id" bigint, "created_at" timestamp NOT NULL, "updated_at" timestamp NOT NULL, CONSTRAINT "fk_rails_050871e438"
FOREIGN KEY ("dimension_id")
  REFERENCES "dimensions" ("id")
)[0m
  [1m[35m (2.7ms)[0m  [1m[35mCREATE  INDEX  "index_multiple_choice_values_on_dimension_id" ON "multiple_choice_values"  ("dimension_id")[0m
  [1m[35m (0.8ms)[0m  [1m[35mCREATE UNIQUE INDEX  "multiple_choice_value_name" ON "multiple_choice_values"  ("name", "dimension")[0m
  [1m[35m (0.1ms)[0m  [1m[31mROLLBACK[0m
  [1m[35m (0.2ms)[0m  [1m[34mSELECT pg_advisory_unlock(2600513041233280215)[0m
  [1m[35m (0.4ms)[0m  [1m[34mSELECT pg_try_advisory_lock(2600513041233280215)[0m
  [1m[35m (0.5ms)[0m  [1m[34mSELECT "schema_migrations"."version" FROM "schema_migrations" ORDER BY "schema_migrations"."version" ASC[0m
Migrating to CreateMultipleChoiceValues (20180605074719)
  [1m[35m (0.2ms)[0m  [1m[35mBEGIN[0m
  [1m[35m (7.2ms)[0m  [1m[35mCREATE TABLE "multiple_choice_values" ("id" bigserial primary key, "name" character varying, "dimension_id" bigint, "created_at" timestamp NOT NULL, "updated_at" timestamp NOT NULL, CONSTRAINT "fk_rails_050871e438"
FOREIGN KEY ("dimension_id")
  REFERENCES "dimensions" ("id")
)[0m
  [1m[35m (4.4ms)[0m  [1m[35mCREATE  INDEX  "index_multiple_choice_values_on_dimension_id" ON "multiple_choice_values"  ("dimension_id")[0m
  [1m[35m (2.8ms)[0m  [1m[35mCREATE UNIQUE INDEX  "multiple_choice_value_name" ON "multiple_choice_values"  ("name", "dimension_id")[0m
  [1m[35mSQL (0.3ms)[0m  [1m[32mINSERT INTO "schema_migrations" ("version") VALUES ($1) RETURNING "version"[0m  [["version", "20180605074719"]]
  [1m[35m (1.1ms)[0m  [1m[35mCOMMIT[0m
  [1m[36mActiveRecord::InternalMetadata Load (1.0ms)[0m  [1m[34mSELECT  "ar_internal_metadata".* FROM "ar_internal_metadata" WHERE "ar_internal_metadata"."key" = $1 LIMIT $2[0m  [["key", "environment"], ["LIMIT", 1]]
  [1m[35m (0.2ms)[0m  [1m[35mBEGIN[0m
  [1m[35m (0.2ms)[0m  [1m[35mCOMMIT[0m
  [1m[35m (0.2ms)[0m  [1m[34mSELECT pg_advisory_unlock(2600513041233280215)[0m
  [1m[35m (0.2ms)[0m  [1m[34mSELECT "schema_migrations"."version" FROM "schema_migrations" ORDER BY "schema_migrations"."version" ASC[0m
  [1m[35m (0.2ms)[0m  [1m[34mSELECT pg_try_advisory_lock(2600513041233280215)[0m
  [1m[35m (0.7ms)[0m  [1m[34mSELECT "schema_migrations"."version" FROM "schema_migrations" ORDER BY "schema_migrations"."version" ASC[0m
Migrating to CreateAuthorizations (20180606014101)
  [1m[35m (0.1ms)[0m  [1m[35mBEGIN[0m
  [1m[35m (15.2ms)[0m  [1m[35mCREATE TABLE "authorizations" ("id" bigserial primary key, "project_member_id" bigint, "dimension_id" bigint, "created_at" timestamp NOT NULL, "updated_at" timestamp NOT NULL, CONSTRAINT "fk_rails_4e2e5e0fb5"
FOREIGN KEY ("project_member_id")
  REFERENCES "project_members" ("id")
, CONSTRAINT "fk_rails_9e168b6a2c"
FOREIGN KEY ("dimension_id")
  REFERENCES "dimensions" ("id")
)[0m
  [1m[35m (2.6ms)[0m  [1m[35mCREATE  INDEX  "index_authorizations_on_project_member_id" ON "authorizations"  ("project_member_id")[0m
  [1m[35m (3.1ms)[0m  [1m[35mCREATE  INDEX  "index_authorizations_on_dimension_id" ON "authorizations"  ("dimension_id")[0m
  [1m[35m (4.5ms)[0m  [1m[35mCREATE UNIQUE INDEX  "authorization_key" ON "authorizations"  ("project_member_id", "dimension_id")[0m
  [1m[35mSQL (0.8ms)[0m  [1m[32mINSERT INTO "schema_migrations" ("version") VALUES ($1) RETURNING "version"[0m  [["version", "20180606014101"]]
  [1m[35m (5.0ms)[0m  [1m[35mCOMMIT[0m
Migrating to CreateValueAuthorizations (20180606014154)
  [1m[35m (0.6ms)[0m  [1m[35mBEGIN[0m
  [1m[35m (8.0ms)[0m  [1m[35mCREATE TABLE "value_authorizations" ("id" bigserial primary key, "authorization_id" bigint, "multiple_choice_value_id" bigint, "created_at" timestamp NOT NULL, "updated_at" timestamp NOT NULL, CONSTRAINT "fk_rails_7f9c89633c"
FOREIGN KEY ("authorization_id")
  REFERENCES "authorizations" ("id")
, CONSTRAINT "fk_rails_6d84d18fc0"
FOREIGN KEY ("multiple_choice_value_id")
  REFERENCES "multiple_choice_values" ("id")
)[0m
  [1m[35m (3.6ms)[0m  [1m[35mCREATE  INDEX  "index_value_authorizations_on_authorization_id" ON "value_authorizations"  ("authorization_id")[0m
  [1m[35m (3.2ms)[0m  [1m[35mCREATE  INDEX  "index_value_authorizations_on_multiple_choice_value_id" ON "value_authorizations"  ("multiple_choice_value_id")[0m
  [1m[35m (3.8ms)[0m  [1m[35mCREATE UNIQUE INDEX  "multiple_choice_authenticate_value" ON "value_authorizations"  ("authorization_id", "multiple_choice_value_id")[0m
  [1m[35mSQL (0.7ms)[0m  [1m[32mINSERT INTO "schema_migrations" ("version") VALUES ($1) RETURNING "version"[0m  [["version", "20180606014154"]]
  [1m[35m (2.0ms)[0m  [1m[35mCOMMIT[0m
  [1m[36mActiveRecord::InternalMetadata Load (1.7ms)[0m  [1m[34mSELECT  "ar_internal_metadata".* FROM "ar_internal_metadata" WHERE "ar_internal_metadata"."key" = $1 LIMIT $2[0m  [["key", "environment"], ["LIMIT", 1]]
  [1m[35m (0.2ms)[0m  [1m[35mBEGIN[0m
  [1m[35m (0.2ms)[0m  [1m[35mCOMMIT[0m
  [1m[35m (0.3ms)[0m  [1m[34mSELECT pg_advisory_unlock(2600513041233280215)[0m
  [1m[35m (0.3ms)[0m  [1m[34mSELECT "schema_migrations"."version" FROM "schema_migrations" ORDER BY "schema_migrations"."version" ASC[0m
  [1m[35m (0.2ms)[0m  [1m[34mSELECT pg_try_advisory_lock(2600513041233280215)[0m
  [1m[35m (0.8ms)[0m  [1m[34mSELECT "schema_migrations"."version" FROM "schema_migrations" ORDER BY "schema_migrations"."version" ASC[0m
  [1m[36mActiveRecord::InternalMetadata Load (0.7ms)[0m  [1m[34mSELECT  "ar_internal_metadata".* FROM "ar_internal_metadata" WHERE "ar_internal_metadata"."key" = $1 LIMIT $2[0m  [["key", "environment"], ["LIMIT", 1]]
  [1m[35m (0.1ms)[0m  [1m[35mBEGIN[0m
  [1m[35m (0.2ms)[0m  [1m[35mCOMMIT[0m
  [1m[35m (0.2ms)[0m  [1m[34mSELECT pg_advisory_unlock(2600513041233280215)[0m
  [1m[35m (0.2ms)[0m  [1m[34mSELECT "schema_migrations"."version" FROM "schema_migrations" ORDER BY "schema_migrations"."version" ASC[0m
  [1m[36mUser Load (1.0ms)[0m  [1m[34mSELECT  "users".* FROM "users" LIMIT $1[0m  [["LIMIT", 11]]
  [1m[36mUser Load (0.7ms)[0m  [1m[34mSELECT  "users".* FROM "users" ORDER BY "users"."id" ASC LIMIT $1[0m  [["LIMIT", 1]]
  [1m[36mUser Load (0.7ms)[0m  [1m[34mSELECT  "users".* FROM "users" ORDER BY "users"."id" ASC LIMIT $1[0m  [["LIMIT", 1]]
  [1m[36mProject Load (4.8ms)[0m  [1m[34mSELECT  "projects".* FROM "projects" ORDER BY "projects"."id" ASC LIMIT $1[0m  [["LIMIT", 1]]
  [1m[36mProject Load (2.0ms)[0m  [1m[34mSELECT  "projects".* FROM "projects" INNER JOIN "project_members" ON "projects"."id" = "project_members"."project_id" WHERE "project_members"."user_id" = $1 LIMIT $2[0m  [["user_id", 1], ["LIMIT", 11]]
  [1m[36mProject Load (1.0ms)[0m  [1m[34mSELECT  "projects".* FROM "projects" INNER JOIN "project_members" ON "projects"."id" = "project_members"."project_id" WHERE "project_members"."user_id" = $1 LIMIT $2[0m  [["user_id", 1], ["LIMIT", 11]]
  [1m[36mUser Load (0.4ms)[0m  [1m[34mSELECT  "users".* FROM "users" ORDER BY "users"."id" ASC LIMIT $1[0m  [["LIMIT", 1]]
  [1m[36mProject Load (0.8ms)[0m  [1m[34mSELECT  "projects".* FROM "projects" ORDER BY "projects"."id" ASC LIMIT $1[0m  [["LIMIT", 1]]
  [1m[35m (0.2ms)[0m  [1m[35mBEGIN[0m
  [1m[35m (0.3ms)[0m  [1m[31mROLLBACK[0m
  [1m[35m (0.2ms)[0m  [1m[34mSELECT pg_try_advisory_lock(2600513041233280215)[0m
  [1m[35m (0.4ms)[0m  [1m[34mSELECT "schema_migrations"."version" FROM "schema_migrations" ORDER BY "schema_migrations"."version" ASC[0m
Migrating to RenameColumnTypeInDimension (20180611045757)
  [1m[35m (0.1ms)[0m  [1m[35mBEGIN[0m
  [1m[35m (1.2ms)[0m  [1m[35mALTER TABLE "dimensions" RENAME COLUMN "type" TO "category"[0m
  [1m[35mSQL (0.2ms)[0m  [1m[32mINSERT INTO "schema_migrations" ("version") VALUES ($1) RETURNING "version"[0m  [["version", "20180611045757"]]
  [1m[35m (1.6ms)[0m  [1m[35mCOMMIT[0m
  [1m[36mActiveRecord::InternalMetadata Load (0.3ms)[0m  [1m[34mSELECT  "ar_internal_metadata".* FROM "ar_internal_metadata" WHERE "ar_internal_metadata"."key" = $1 LIMIT $2[0m  [["key", "environment"], ["LIMIT", 1]]
  [1m[35m (0.1ms)[0m  [1m[35mBEGIN[0m
  [1m[35m (0.1ms)[0m  [1m[35mCOMMIT[0m
  [1m[35m (0.2ms)[0m  [1m[34mSELECT pg_advisory_unlock(2600513041233280215)[0m
  [1m[35m (0.2ms)[0m  [1m[34mSELECT "schema_migrations"."version" FROM "schema_migrations" ORDER BY "schema_migrations"."version" ASC[0m
  [1m[36mProject Load (0.4ms)[0m  [1m[34mSELECT  "projects".* FROM "projects" ORDER BY "projects"."id" ASC LIMIT $1[0m  [["LIMIT", 1]]
  [1m[35m (0.2ms)[0m  [1m[35mBEGIN[0m
  [1m[35mSQL (2.5ms)[0m  [1m[32mINSERT INTO "dimensions" ("name", "category", "project_id", "created_at", "updated_at") VALUES ($1, $2, $3, $4, $5) RETURNING "id"[0m  [["name", "asd"], ["category", "multiple"], ["project_id", 1], ["created_at", "2018-06-11 05:00:10.719967"], ["updated_at", "2018-06-11 05:00:10.719967"]]
  [1m[35m (0.9ms)[0m  [1m[35mCOMMIT[0m
  [1m[36mDimension Load (1.1ms)[0m  [1m[34mSELECT  "dimensions".* FROM "dimensions" WHERE "dimensions"."project_id" = $1 LIMIT $2[0m  [["project_id", 1], ["LIMIT", 11]]
  [1m[36mDimension Load (1.0ms)[0m  [1m[34mSELECT  "dimensions".* FROM "dimensions" WHERE "dimensions"."project_id" = $1 LIMIT $2[0m  [["project_id", 1], ["LIMIT", 11]]
  [1m[35m (0.4ms)[0m  [1m[34mSELECT "schema_migrations"."version" FROM "schema_migrations" ORDER BY "schema_migrations"."version" ASC[0m
  [1m[35m (0.3ms)[0m  [1m[34mSELECT "ar_internal_metadata"."value" FROM "ar_internal_metadata" WHERE "ar_internal_metadata"."key" = $1[0m  [["key", "environment"]]
  [1m[35m (0.2ms)[0m  [1m[34mSELECT "schema_migrations"."version" FROM "schema_migrations" ORDER BY "schema_migrations"."version" ASC[0m
  [1m[35m (0.2ms)[0m  [1m[34mSELECT "ar_internal_metadata"."value" FROM "ar_internal_metadata" WHERE "ar_internal_metadata"."key" = $1[0m  [["key", "environment"]]
  [1m[35m (0.2ms)[0m  [1m[34mSELECT "schema_migrations"."version" FROM "schema_migrations" ORDER BY "schema_migrations"."version" ASC[0m
  [1m[35m (0.2ms)[0m  [1m[34mSELECT "ar_internal_metadata"."value" FROM "ar_internal_metadata" WHERE "ar_internal_metadata"."key" = $1[0m  [["key", "environment"]]
  [1m[35m (120.5ms)[0m  [1m[35mDROP DATABASE IF EXISTS "enhance-url-tagging_development"[0m
  [1m[35m (112.9ms)[0m  [1m[35mDROP DATABASE IF EXISTS "enhance-url-tagging_test"[0m
  [1m[35m (9.6ms)[0m  [1m[35mCREATE TABLE "schema_migrations" ("version" character varying NOT NULL PRIMARY KEY)[0m
  [1m[35m (6.9ms)[0m  [1m[35mCREATE TABLE "ar_internal_metadata" ("key" character varying NOT NULL PRIMARY KEY, "value" character varying, "created_at" timestamp NOT NULL, "updated_at" timestamp NOT NULL)[0m
  [1m[35m (0.5ms)[0m  [1m[34mSELECT pg_try_advisory_lock(2600513041233280215)[0m
  [1m[35m (0.4ms)[0m  [1m[34mSELECT "schema_migrations"."version" FROM "schema_migrations" ORDER BY "schema_migrations"."version" ASC[0m
Migrating to CreateUsers (20180605065536)
  [1m[35m (0.2ms)[0m  [1m[35mBEGIN[0m
  [1m[35m (6.5ms)[0m  [1m[35mCREATE TABLE "users" ("id" bigserial primary key, "username" character varying, "password_digest" character varying, "role" character varying, "created_at" timestamp NOT NULL, "updated_at" timestamp NOT NULL)[0m
  [1m[35mSQL (0.5ms)[0m  [1m[32mINSERT INTO "schema_migrations" ("version") VALUES ($1) RETURNING "version"[0m  [["version", "20180605065536"]]
  [1m[35m (1.3ms)[0m  [1m[35mCOMMIT[0m
Migrating to CreateProjects (20180605070310)
  [1m[35m (0.2ms)[0m  [1m[35mBEGIN[0m
  [1m[35m (6.5ms)[0m  [1m[35mCREATE TABLE "projects" ("id" bigserial primary key, "name" character varying, "description" character varying, "member_count" integer, "created_at" timestamp NOT NULL, "updated_at" timestamp NOT NULL)[0m
  [1m[35mSQL (0.7ms)[0m  [1m[32mINSERT INTO "schema_migrations" ("version") VALUES ($1) RETURNING "version"[0m  [["version", "20180605070310"]]
  [1m[35m (1.6ms)[0m  [1m[35mCOMMIT[0m
Migrating to CreateProjectMembers (20180605070349)
  [1m[35m (0.4ms)[0m  [1m[35mBEGIN[0m
  [1m[35m (7.6ms)[0m  [1m[35mCREATE TABLE "project_members" ("id" bigserial primary key, "created_at" timestamp NOT NULL, "updated_at" timestamp NOT NULL, "user_id" bigint, "project_id" bigint, CONSTRAINT "fk_rails_49ebe01c9d"
FOREIGN KEY ("user_id")
  REFERENCES "users" ("id")
, CONSTRAINT "fk_rails_f3b43b5269"
FOREIGN KEY ("project_id")
  REFERENCES "projects" ("id")
)[0m
  [1m[35m (2.6ms)[0m  [1m[35mCREATE  INDEX  "index_project_members_on_user_id" ON "project_members"  ("user_id")[0m
  [1m[35m (2.6ms)[0m  [1m[35mCREATE  INDEX  "index_project_members_on_project_id" ON "project_members"  ("project_id")[0m
  [1m[35m (2.7ms)[0m  [1m[35mCREATE UNIQUE INDEX  "project member index" ON "project_members"  ("user_id", "project_id")[0m
  [1m[35mSQL (0.4ms)[0m  [1m[32mINSERT INTO "schema_migrations" ("version") VALUES ($1) RETURNING "version"[0m  [["version", "20180605070349"]]
  [1m[35m (1.4ms)[0m  [1m[35mCOMMIT[0m
Migrating to AddIndexToUserAndProject (20180605073304)
  [1m[35m (0.2ms)[0m  [1m[35mBEGIN[0m
  [1m[35m (3.1ms)[0m  [1m[35mCREATE UNIQUE INDEX  "index_users_on_username" ON "users"  ("username")[0m
  [1m[35m (3.4ms)[0m  [1m[35mCREATE UNIQUE INDEX  "index_projects_on_name" ON "projects"  ("name")[0m
  [1m[35mSQL (0.5ms)[0m  [1m[32mINSERT INTO "schema_migrations" ("version") VALUES ($1) RETURNING "version"[0m  [["version", "20180605073304"]]
  [1m[35m (1.1ms)[0m  [1m[35mCOMMIT[0m
Migrating to CreateDimensions (20180605074548)
  [1m[35m (0.3ms)[0m  [1m[35mBEGIN[0m
  [1m[35m (7.3ms)[0m  [1m[35mCREATE TABLE "dimensions" ("id" bigserial primary key, "name" character varying, "type" character varying, "project_id" bigint, "created_at" timestamp NOT NULL, "updated_at" timestamp NOT NULL, CONSTRAINT "fk_rails_6837067d06"
FOREIGN KEY ("project_id")
  REFERENCES "projects" ("id")
)[0m
  [1m[35m (2.7ms)[0m  [1m[35mCREATE  INDEX  "index_dimensions_on_project_id" ON "dimensions"  ("project_id")[0m
  [1m[35m (2.7ms)[0m  [1m[35mCREATE UNIQUE INDEX  "dimention_name" ON "dimensions"  ("name", "project_id")[0m
  [1m[35mSQL (0.6ms)[0m  [1m[32mINSERT INTO "schema_migrations" ("version") VALUES ($1) RETURNING "version"[0m  [["version", "20180605074548"]]
  [1m[35m (1.4ms)[0m  [1m[35mCOMMIT[0m
Migrating to CreateOptions (20180605074719)
  [1m[35m (1.0ms)[0m  [1m[34mSELECT pg_advisory_unlock(2600513041233280215)[0m
  [1m[35m (0.2ms)[0m  [1m[34mSELECT pg_try_advisory_lock(2600513041233280215)[0m
  [1m[35m (0.4ms)[0m  [1m[34mSELECT "schema_migrations"."version" FROM "schema_migrations" ORDER BY "schema_migrations"."version" ASC[0m
Migrating to CreateOptions (20180605074719)
  [1m[35m (0.2ms)[0m  [1m[35mBEGIN[0m
  [1m[35m (6.3ms)[0m  [1m[35mCREATE TABLE "options" ("id" bigserial primary key, "name" character varying, "dimension_id" bigint, "created_at" timestamp NOT NULL, "updated_at" timestamp NOT NULL, CONSTRAINT "fk_rails_7a39254793"
FOREIGN KEY ("dimension_id")
  REFERENCES "dimensions" ("id")
)[0m
  [1m[35m (2.5ms)[0m  [1m[35mCREATE  INDEX  "index_options_on_dimension_id" ON "options"  ("dimension_id")[0m
  [1m[35m (3.3ms)[0m  [1m[35mCREATE UNIQUE INDEX  "option_name" ON "options"  ("name", "dimension_id")[0m
  [1m[35mSQL (0.7ms)[0m  [1m[32mINSERT INTO "schema_migrations" ("version") VALUES ($1) RETURNING "version"[0m  [["version", "20180605074719"]]
  [1m[35m (1.9ms)[0m  [1m[35mCOMMIT[0m
Migrating to CreateAuthorizations (20180606014101)
  [1m[35m (0.5ms)[0m  [1m[35mBEGIN[0m
  [1m[35m (6.3ms)[0m  [1m[35mCREATE TABLE "authorizations" ("id" bigserial primary key, "project_member_id" bigint, "dimension_id" bigint, "created_at" timestamp NOT NULL, "updated_at" timestamp NOT NULL, CONSTRAINT "fk_rails_4e2e5e0fb5"
FOREIGN KEY ("project_member_id")
  REFERENCES "project_members" ("id")
, CONSTRAINT "fk_rails_9e168b6a2c"
FOREIGN KEY ("dimension_id")
  REFERENCES "dimensions" ("id")
)[0m
  [1m[35m (2.6ms)[0m  [1m[35mCREATE  INDEX  "index_authorizations_on_project_member_id" ON "authorizations"  ("project_member_id")[0m
  [1m[35m (2.7ms)[0m  [1m[35mCREATE  INDEX  "index_authorizations_on_dimension_id" ON "authorizations"  ("dimension_id")[0m
  [1m[35m (2.7ms)[0m  [1m[35mCREATE UNIQUE INDEX  "authorization_key" ON "authorizations"  ("project_member_id", "dimension_id")[0m
  [1m[35mSQL (0.7ms)[0m  [1m[32mINSERT INTO "schema_migrations" ("version") VALUES ($1) RETURNING "version"[0m  [["version", "20180606014101"]]
  [1m[35m (4.6ms)[0m  [1m[35mCOMMIT[0m
Migrating to CreateOptionAuthorizations (20180606014154)
  [1m[35m (1.5ms)[0m  [1m[34mSELECT pg_advisory_unlock(2600513041233280215)[0m
  [1m[35m (0.2ms)[0m  [1m[34mSELECT pg_try_advisory_lock(2600513041233280215)[0m
  [1m[35m (0.4ms)[0m  [1m[34mSELECT "schema_migrations"."version" FROM "schema_migrations" ORDER BY "schema_migrations"."version" ASC[0m
Migrating to CreateOptionAuthorizations (20180606014154)
  [1m[35m (0.1ms)[0m  [1m[34mSELECT pg_advisory_unlock(2600513041233280215)[0m
  [1m[35m (0.2ms)[0m  [1m[34mSELECT pg_try_advisory_lock(2600513041233280215)[0m
  [1m[35m (0.4ms)[0m  [1m[34mSELECT "schema_migrations"."version" FROM "schema_migrations" ORDER BY "schema_migrations"."version" ASC[0m
Migrating to CreateOptionAuthorizations (20180606014154)
  [1m[35m (0.1ms)[0m  [1m[35mBEGIN[0m
  [1m[35m (4.2ms)[0m  [1m[35mCREATE TABLE "option_authorizations" ("id" bigserial primary key, "authorization_id" bigint, "option_id" bigint, "created_at" timestamp NOT NULL, "updated_at" timestamp NOT NULL, CONSTRAINT "fk_rails_5d3fa058de"
FOREIGN KEY ("authorization_id")
  REFERENCES "authorizations" ("id")
, CONSTRAINT "fk_rails_c5f0e7369a"
FOREIGN KEY ("option_id")
  REFERENCES "options" ("id")
)[0m
  [1m[35m (5.5ms)[0m  [1m[35mCREATE  INDEX  "index_option_authorizations_on_authorization_id" ON "option_authorizations"  ("authorization_id")[0m
  [1m[35m (2.3ms)[0m  [1m[35mCREATE  INDEX  "index_option_authorizations_on_option_id" ON "option_authorizations"  ("option_id")[0m
  [1m[35m (2.2ms)[0m  [1m[35mCREATE UNIQUE INDEX  "multiple_choice_authorization_option" ON "option_authorizations"  ("authorization_id", "option_id")[0m
  [1m[35mSQL (0.3ms)[0m  [1m[32mINSERT INTO "schema_migrations" ("version") VALUES ($1) RETURNING "version"[0m  [["version", "20180606014154"]]
  [1m[35m (1.4ms)[0m  [1m[35mCOMMIT[0m
Migrating to RenameColumnTypeInDimension (20180611045757)
  [1m[35m (0.2ms)[0m  [1m[35mBEGIN[0m
  [1m[35m (0.3ms)[0m  [1m[35mALTER TABLE "dimensions" RENAME COLUMN "type" TO "category"[0m
  [1m[35mSQL (0.3ms)[0m  [1m[32mINSERT INTO "schema_migrations" ("version") VALUES ($1) RETURNING "version"[0m  [["version", "20180611045757"]]
  [1m[35m (1.0ms)[0m  [1m[35mCOMMIT[0m
  [1m[36mActiveRecord::InternalMetadata Load (0.3ms)[0m  [1m[34mSELECT  "ar_internal_metadata".* FROM "ar_internal_metadata" WHERE "ar_internal_metadata"."key" = $1 LIMIT $2[0m  [["key", "environment"], ["LIMIT", 1]]
  [1m[35m (0.2ms)[0m  [1m[35mBEGIN[0m
  [1m[35mSQL (0.3ms)[0m  [1m[32mINSERT INTO "ar_internal_metadata" ("key", "value", "created_at", "updated_at") VALUES ($1, $2, $3, $4) RETURNING "key"[0m  [["key", "environment"], ["value", "development"], ["created_at", "2018-06-11 05:23:42.417632"], ["updated_at", "2018-06-11 05:23:42.417632"]]
  [1m[35m (0.9ms)[0m  [1m[35mCOMMIT[0m
  [1m[35m (0.2ms)[0m  [1m[34mSELECT pg_advisory_unlock(2600513041233280215)[0m
  [1m[35m (0.2ms)[0m  [1m[34mSELECT "schema_migrations"."version" FROM "schema_migrations" ORDER BY "schema_migrations"."version" ASC[0m
  [1m[35m (0.2ms)[0m  [1m[35mBEGIN[0m
  [1m[35mSQL (0.5ms)[0m  [1m[32mINSERT INTO "users" ("username", "password_digest", "role", "created_at", "updated_at") VALUES ($1, $2, $3, $4, $5) RETURNING "id"[0m  [["username", "Sa"], ["password_digest", "$2a$10$bQR5THqJu7vNeuvYNFhBk.3Nn7wziGvInVIk0nrysOlXeQ3uu.6rK"], ["role", "admin"], ["created_at", "2018-06-11 05:24:36.731186"], ["updated_at", "2018-06-11 05:24:36.731186"]]
  [1m[35m (1.0ms)[0m  [1m[35mCOMMIT[0m
  [1m[36mUser Load (1.0ms)[0m  [1m[34mSELECT  "users".* FROM "users" ORDER BY "users"."id" ASC LIMIT $1[0m  [["LIMIT", 1]]
  [1m[35m (0.2ms)[0m  [1m[35mBEGIN[0m
  [1m[35mSQL (0.6ms)[0m  [1m[32mINSERT INTO "projects" ("name", "created_at", "updated_at") VALUES ($1, $2, $3) RETURNING "id"[0m  [["name", "ASSS"], ["created_at", "2018-06-11 05:25:51.307584"], ["updated_at", "2018-06-11 05:25:51.307584"]]
  [1m[36mUser Load (0.2ms)[0m  [1m[34mSELECT  "users".* FROM "users" WHERE "users"."id" = $1 LIMIT $2[0m  [["id", 1], ["LIMIT", 1]]
  [1m[35mSQL (1.0ms)[0m  [1m[32mINSERT INTO "project_members" ("created_at", "updated_at", "user_id", "project_id") VALUES ($1, $2, $3, $4) RETURNING "id"[0m  [["created_at", "2018-06-11 05:25:51.322816"], ["updated_at", "2018-06-11 05:25:51.322816"], ["user_id", 1], ["project_id", 1]]
  [1m[35mSQL (0.7ms)[0m  [1m[33mUPDATE "projects" SET "member_count" = COALESCE("member_count", 0) + 1 WHERE "projects"."id" = $1[0m  [["id", 1]]
  [1m[35m (1.2ms)[0m  [1m[35mCOMMIT[0m
  [1m[36mProjectMember Load (0.9ms)[0m  [1m[34mSELECT  "project_members".* FROM "project_members" WHERE "project_members"."user_id" = $1 LIMIT $2[0m  [["user_id", 1], ["LIMIT", 11]]
  [1m[36mProject Load (0.8ms)[0m  [1m[34mSELECT  "projects".* FROM "projects" ORDER BY "projects"."id" ASC LIMIT $1[0m  [["LIMIT", 1]]
  [1m[36mUser Load (0.5ms)[0m  [1m[34mSELECT  "users".* FROM "users" INNER JOIN "project_members" ON "users"."id" = "project_members"."user_id" WHERE "project_members"."project_id" = $1 LIMIT $2[0m  [["project_id", 1], ["LIMIT", 11]]
  [1m[36mProject Load (1.4ms)[0m  [1m[34mSELECT  "projects".* FROM "projects" INNER JOIN "project_members" ON "projects"."id" = "project_members"."project_id" WHERE "project_members"."user_id" = $1 LIMIT $2[0m  [["user_id", 1], ["LIMIT", 11]]
  [1m[36mProjectMember Load (1.0ms)[0m  [1m[34mSELECT  "project_members".* FROM "project_members" WHERE "project_members"."project_id" = $1 LIMIT $2[0m  [["project_id", 1], ["LIMIT", 11]]
  [1m[35m (0.2ms)[0m  [1m[35mBEGIN[0m
  [1m[35mSQL (0.8ms)[0m  [1m[32mINSERT INTO "dimensions" ("name", "category", "project_id", "created_at", "updated_at") VALUES ($1, $2, $3, $4, $5) RETURNING "id"[0m  [["name", "ASDDD"], ["category", "multiple"], ["project_id", 1], ["created_at", "2018-06-11 05:27:57.750376"], ["updated_at", "2018-06-11 05:27:57.750376"]]
  [1m[35m (2.6ms)[0m  [1m[35mCOMMIT[0m
  [1m[35m (0.2ms)[0m  [1m[35mBEGIN[0m
  [1m[35mSQL (3.1ms)[0m  [1m[32mINSERT INTO "dimensions" ("name", "category", "project_id", "created_at", "updated_at") VALUES ($1, $2, $3, $4, $5) RETURNING "id"[0m  [["name", "ASDDD"], ["category", "multiple"], ["project_id", 1], ["created_at", "2018-06-11 05:28:01.713946"], ["updated_at", "2018-06-11 05:28:01.713946"]]
  [1m[35m (0.2ms)[0m  [1m[31mROLLBACK[0m
  [1m[35m (0.2ms)[0m  [1m[35mBEGIN[0m
  [1m[35mSQL (0.5ms)[0m  [1m[32mINSERT INTO "dimensions" ("name", "category", "project_id", "created_at", "updated_at") VALUES ($1, $2, $3, $4, $5) RETURNING "id"[0m  [["name", "2"], ["category", "multiple"], ["project_id", 1], ["created_at", "2018-06-11 05:29:52.436438"], ["updated_at", "2018-06-11 05:29:52.436438"]]
  [1m[35m (2.5ms)[0m  [1m[35mCOMMIT[0m
  [1m[36mDimension Load (1.0ms)[0m  [1m[34mSELECT  "dimensions".* FROM "dimensions" ORDER BY "dimensions"."id" ASC LIMIT $1[0m  [["LIMIT", 1]]
  [1m[36mProject Load (1.0ms)[0m  [1m[34mSELECT  "projects".* FROM "projects" WHERE "projects"."id" = $1 LIMIT $2[0m  [["id", 1], ["LIMIT", 1]]
  [1m[35m (0.2ms)[0m  [1m[35mBEGIN[0m
  [1m[35mSQL (0.9ms)[0m  [1m[32mINSERT INTO "options" ("name", "dimension_id", "created_at", "updated_at") VALUES ($1, $2, $3, $4) RETURNING "id"[0m  [["name", "cho Phat luoi vc ra"], ["dimension_id", 1], ["created_at", "2018-06-11 05:32:02.168294"], ["updated_at", "2018-06-11 05:32:02.168294"]]
  [1m[35m (0.9ms)[0m  [1m[35mCOMMIT[0m
  [1m[36mOption Load (1.0ms)[0m  [1m[34mSELECT  "options".* FROM "options" WHERE "options"."dimension_id" = $1 LIMIT $2[0m  [["dimension_id", 1], ["LIMIT", 11]]
  [1m[36mOption Load (0.7ms)[0m  [1m[34mSELECT  "options".* FROM "options" ORDER BY "options"."id" ASC LIMIT $1[0m  [["LIMIT", 1]]
  [1m[36mDimension Load (0.9ms)[0m  [1m[34mSELECT  "dimensions".* FROM "dimensions" WHERE "dimensions"."id" = $1 LIMIT $2[0m  [["id", 1], ["LIMIT", 1]]
  [1m[36mProjectMember Load (0.7ms)[0m  [1m[34mSELECT  "project_members".* FROM "project_members" ORDER BY "project_members"."id" ASC LIMIT $1[0m  [["LIMIT", 1]]
  [1m[35m (0.2ms)[0m  [1m[35mBEGIN[0m
  [1m[35mSQL (1.1ms)[0m  [1m[32mINSERT INTO "authorizations" ("project_member_id", "dimension_id", "created_at", "updated_at") VALUES ($1, $2, $3, $4) RETURNING "id"[0m  [["project_member_id", 1], ["dimension_id", 1], ["created_at", "2018-06-11 05:36:23.221721"], ["updated_at", "2018-06-11 05:36:23.221721"]]
  [1m[35m (1.1ms)[0m  [1m[35mCOMMIT[0m
  [1m[35m (0.4ms)[0m  [1m[35mBEGIN[0m
  [1m[35mSQL (2.1ms)[0m  [1m[32mINSERT INTO "authorizations" ("project_member_id", "dimension_id", "created_at", "updated_at") VALUES ($1, $2, $3, $4) RETURNING "id"[0m  [["project_member_id", 1], ["dimension_id", 1], ["created_at", "2018-06-11 05:36:29.867889"], ["updated_at", "2018-06-11 05:36:29.867889"]]
  [1m[35m (0.5ms)[0m  [1m[31mROLLBACK[0m
  [1m[36mDimension Load (0.9ms)[0m  [1m[34mSELECT  "dimensions".* FROM "dimensions" ORDER BY "dimensions"."id" DESC LIMIT $1[0m  [["LIMIT", 1]]
  [1m[35m (0.5ms)[0m  [1m[35mBEGIN[0m
  [1m[35mSQL (0.6ms)[0m  [1m[32mINSERT INTO "authorizations" ("project_member_id", "dimension_id", "created_at", "updated_at") VALUES ($1, $2, $3, $4) RETURNING "id"[0m  [["project_member_id", 1], ["dimension_id", 3], ["created_at", "2018-06-11 05:36:46.041990"], ["updated_at", "2018-06-11 05:36:46.041990"]]
  [1m[35m (2.6ms)[0m  [1m[35mCOMMIT[0m
  [1m[36mAuthorization Load (0.9ms)[0m  [1m[34mSELECT  "authorizations".* FROM "authorizations" ORDER BY "authorizations"."id" ASC LIMIT $1[0m  [["LIMIT", 1]]
  [1m[36mDimension Load (1.0ms)[0m  [1m[34mSELECT  "dimensions".* FROM "dimensions" WHERE "dimensions"."id" = $1 LIMIT $2[0m  [["id", 1], ["LIMIT", 1]]
  [1m[36mAuthorization Load (0.9ms)[0m  [1m[34mSELECT  "authorizations".* FROM "authorizations" ORDER BY "authorizations"."id" DESC LIMIT $1[0m  [["LIMIT", 1]]
  [1m[36mAuthorization Load (0.9ms)[0m  [1m[34mSELECT  "authorizations".* FROM "authorizations" ORDER BY "authorizations"."id" DESC LIMIT $1[0m  [["LIMIT", 1]]
  [1m[36mDimension Load (1.0ms)[0m  [1m[34mSELECT  "dimensions".* FROM "dimensions" WHERE "dimensions"."id" = $1 LIMIT $2[0m  [["id", 3], ["LIMIT", 1]]
  [1m[36mAuthorization Load (0.9ms)[0m  [1m[34mSELECT  "authorizations".* FROM "authorizations" WHERE "authorizations"."project_member_id" = $1 LIMIT $2[0m  [["project_member_id", 1], ["LIMIT", 11]]
  [1m[36mAuthorization Load (0.9ms)[0m  [1m[34mSELECT  "authorizations".* FROM "authorizations" WHERE "authorizations"."project_member_id" = $1 LIMIT $2[0m  [["project_member_id", 1], ["LIMIT", 11]]
  [1m[36mAuthorization Load (0.9ms)[0m  [1m[34mSELECT "authorizations".* FROM "authorizations" WHERE "authorizations"."project_member_id" = $1[0m  [["project_member_id", 1]]
  [1m[36mDimension Load (1.1ms)[0m  [1m[34mSELECT  "dimensions".* FROM "dimensions" WHERE "dimensions"."id" = $1 LIMIT $2[0m  [["id", 1], ["LIMIT", 1]]
  [1m[36mProjectMember Load (0.4ms)[0m  [1m[34mSELECT  "project_members".* FROM "project_members" ORDER BY "project_members"."id" ASC LIMIT $1[0m  [["LIMIT", 1]]
  [1m[36mAuthorization Load (0.6ms)[0m  [1m[34mSELECT  "authorizations".* FROM "authorizations" WHERE "authorizations"."project_member_id" = $1 LIMIT $2[0m  [["project_member_id", 1], ["LIMIT", 11]]
  [1m[36mDimension Load (0.5ms)[0m  [1m[34mSELECT  "dimensions".* FROM "dimensions" INNER JOIN "authorizations" ON "dimensions"."id" = "authorizations"."dimension_id" WHERE "authorizations"."project_member_id" = $1 LIMIT $2[0m  [["project_member_id", 1], ["LIMIT", 11]]
  [1m[36mAuthorization Load (0.8ms)[0m  [1m[34mSELECT  "authorizations".* FROM "authorizations" ORDER BY "authorizations"."id" ASC LIMIT $1[0m  [["LIMIT", 1]]
  [1m[36mOption Load (0.4ms)[0m  [1m[34mSELECT  "options".* FROM "options" ORDER BY "options"."id" ASC LIMIT $1[0m  [["LIMIT", 1]]
  [1m[35m (0.1ms)[0m  [1m[35mBEGIN[0m
  [1m[35mSQL (1.9ms)[0m  [1m[32mINSERT INTO "option_authorizations" ("authorization_id", "option_id", "created_at", "updated_at") VALUES ($1, $2, $3, $4) RETURNING "id"[0m  [["authorization_id", 1], ["option_id", 1], ["created_at", "2018-06-11 07:02:30.164488"], ["updated_at", "2018-06-11 07:02:30.164488"]]
  [1m[35m (1.3ms)[0m  [1m[35mCOMMIT[0m
  [1m[36mOption Load (1.0ms)[0m  [1m[34mSELECT  "options".* FROM "options" ORDER BY "options"."id" ASC LIMIT $1[0m  [["LIMIT", 1]]
  [1m[35m (0.3ms)[0m  [1m[35mBEGIN[0m
  [1m[35mSQL (3.7ms)[0m  [1m[32mINSERT INTO "option_authorizations" ("authorization_id", "option_id", "created_at", "updated_at") VALUES ($1, $2, $3, $4) RETURNING "id"[0m  [["authorization_id", 1], ["option_id", 1], ["created_at", "2018-06-11 07:02:34.542757"], ["updated_at", "2018-06-11 07:02:34.542757"]]
  [1m[35m (0.5ms)[0m  [1m[31mROLLBACK[0m
  [1m[36mOptionAuthorization Load (0.9ms)[0m  [1m[34mSELECT  "option_authorizations".* FROM "option_authorizations" WHERE "option_authorizations"."authorization_id" = $1 ORDER BY "option_authorizations"."id" ASC LIMIT $2[0m  [["authorization_id", 1], ["LIMIT", 1]]
  [1m[36mDimension Load (0.4ms)[0m  [1m[34mSELECT  "dimensions".* FROM "dimensions" WHERE "dimensions"."id" = $1 LIMIT $2[0m  [["id", 1], ["LIMIT", 1]]
  [1m[36mOption Load (1.0ms)[0m  [1m[34mSELECT  "options".* FROM "options" WHERE "options"."id" = $1 LIMIT $2[0m  [["id", 1], ["LIMIT", 1]]
